{
  "uid" : "a49b71b38e059902",
  "name" : "Add label to existing issue for authorized user",
  "fullName" : "Labels: Add label to existing issue for authorized user",
  "historyId" : "3ca2a82570b650339433b7160c01f3d9",
  "time" : {
    "start" : 1624004399452,
    "stop" : 1624004400455,
    "duration" : 1003
  },
  "status" : "failed",
  "statusMessage" : "AssertionError\n",
  "statusTrace" : "  File \"/opt/hostedtoolcache/Python/3.9.5/x64/lib/python3.9/site-packages/behave/model.py\", line 1329, in run\n    match.run(runner.context)\n  File \"/opt/hostedtoolcache/Python/3.9.5/x64/lib/python3.9/site-packages/behave/matchers.py\", line 98, in run\n    self.func(context, *args, **kwargs)\n  File \"features/steps/web_steps.py\", line 34, in labels_should_contains_note_with_text\n    maybe_throw_assertion_exception(title)\n  File \"features/steps/web_steps.py\", line 85, in maybe_throw_assertion_exception\n    assert text == \"another text\"\n",
  "flaky" : false,
  "newFailed" : true,
  "beforeStages" : [ ],
  "testStage" : {
    "status" : "failed",
    "statusMessage" : "AssertionError\n",
    "statusTrace" : "  File \"/opt/hostedtoolcache/Python/3.9.5/x64/lib/python3.9/site-packages/behave/model.py\", line 1329, in run\n    match.run(runner.context)\n  File \"/opt/hostedtoolcache/Python/3.9.5/x64/lib/python3.9/site-packages/behave/matchers.py\", line 98, in run\n    self.func(context, *args, **kwargs)\n  File \"features/steps/web_steps.py\", line 34, in labels_should_contains_note_with_text\n    maybe_throw_assertion_exception(title)\n  File \"features/steps/web_steps.py\", line 85, in maybe_throw_assertion_exception\n    assert text == \"another text\"\n",
    "steps" : [ {
      "name" : "When I open issue with id 123123",
      "time" : {
        "start" : 1624004399453,
        "stop" : 1624004399453,
        "duration" : 0
      },
      "status" : "passed",
      "steps" : [ ],
      "attachments" : [ ],
      "parameters" : [ ],
      "stepsCount" : 0,
      "attachmentsCount" : 0,
      "shouldDisplayMessage" : false,
      "hasContent" : false
    }, {
      "name" : "And I add label with title \"hello\" to issue",
      "time" : {
        "start" : 1624004399453,
        "stop" : 1624004399453,
        "duration" : 0
      },
      "status" : "passed",
      "steps" : [ ],
      "attachments" : [ ],
      "parameters" : [ ],
      "stepsCount" : 0,
      "attachmentsCount" : 0,
      "shouldDisplayMessage" : false,
      "hasContent" : false
    }, {
      "name" : "And I filter issue by label title \"hello\"",
      "time" : {
        "start" : 1624004399453,
        "stop" : 1624004399453,
        "duration" : 0
      },
      "status" : "passed",
      "steps" : [ ],
      "attachments" : [ ],
      "parameters" : [ ],
      "stepsCount" : 0,
      "attachmentsCount" : 0,
      "shouldDisplayMessage" : false,
      "hasContent" : false
    }, {
      "name" : "Then I should see issue with label title \"hello\"",
      "time" : {
        "start" : 1624004399453,
        "stop" : 1624004400454,
        "duration" : 1001
      },
      "status" : "failed",
      "statusMessage" : "AssertionError\n",
      "statusTrace" : "  File \"/opt/hostedtoolcache/Python/3.9.5/x64/lib/python3.9/site-packages/behave/model.py\", line 1329, in run\n    match.run(runner.context)\n  File \"/opt/hostedtoolcache/Python/3.9.5/x64/lib/python3.9/site-packages/behave/matchers.py\", line 98, in run\n    self.func(context, *args, **kwargs)\n  File \"features/steps/web_steps.py\", line 34, in labels_should_contains_note_with_text\n    maybe_throw_assertion_exception(title)\n  File \"features/steps/web_steps.py\", line 85, in maybe_throw_assertion_exception\n    assert text == \"another text\"\n",
      "steps" : [ ],
      "attachments" : [ ],
      "parameters" : [ ],
      "stepsCount" : 0,
      "attachmentsCount" : 0,
      "shouldDisplayMessage" : true,
      "hasContent" : true
    } ],
    "attachments" : [ ],
    "parameters" : [ ],
    "stepsCount" : 4,
    "attachmentsCount" : 0,
    "shouldDisplayMessage" : false,
    "hasContent" : true
  },
  "afterStages" : [ ],
  "labels" : [ {
    "name" : "severity",
    "value" : "normal"
  }, {
    "name" : "tag",
    "value" : "smoke"
  }, {
    "name" : "feature",
    "value" : "Labels"
  }, {
    "name" : "framework",
    "value" : "behave"
  }, {
    "name" : "language",
    "value" : "cpython3"
  }, {
    "name" : "resultFormat",
    "value" : "allure2"
  } ],
  "parameters" : [ ],
  "links" : [ ],
  "hidden" : false,
  "retry" : false,
  "extra" : {
    "severity" : "normal",
    "retries" : [ ],
    "categories" : [ {
      "name" : "Product defects",
      "matchedStatuses" : [ ],
      "flaky" : false
    } ],
    "history" : {
      "statistic" : {
        "failed" : 1,
        "broken" : 2,
        "skipped" : 0,
        "passed" : 2,
        "unknown" : 0,
        "total" : 5
      },
      "items" : [ {
        "uid" : "c9b30c02d1875a62",
        "reportUrl" : "https://khadraa1.github.io/python_behave/21//#testresult/c9b30c02d1875a62",
        "status" : "passed",
        "time" : {
          "start" : 1624004224827,
          "stop" : 1624004225829,
          "duration" : 1002
        }
      }, {
        "uid" : "fbd11a835967da7e",
        "reportUrl" : "https://khadraa1.github.io/python_behave/20//#testresult/fbd11a835967da7e",
        "status" : "broken",
        "statusDetails" : "RuntimeError: Element not found for xpath [//div[@class='something']]\n",
        "time" : {
          "start" : 1623420689250,
          "stop" : 1623420689252,
          "duration" : 2
        }
      }, {
        "uid" : "603092b942d79a97",
        "reportUrl" : "https://khadraa1.github.io/python_behave/19//#testresult/603092b942d79a97",
        "status" : "broken",
        "statusDetails" : "RuntimeError: Element not found for xpath [//div[@class='something']]\n",
        "time" : {
          "start" : 1623420090661,
          "stop" : 1623420090663,
          "duration" : 2
        }
      }, {
        "uid" : "a0346a7066ac808e",
        "reportUrl" : "https://khadraa1.github.io/python_behave/17//#testresult/a0346a7066ac808e",
        "status" : "passed",
        "time" : {
          "start" : 1623419857265,
          "stop" : 1623419858268,
          "duration" : 1003
        }
      } ]
    },
    "tags" : [ "smoke" ]
  },
  "source" : "a49b71b38e059902.json",
  "parameterValues" : [ ]
}