{
  "uid" : "25b2399aa05b93a3",
  "name" : "Add label to existing issue for authorized user",
  "fullName" : "Labels: Add label to existing issue for authorized user",
  "historyId" : "3ca2a82570b650339433b7160c01f3d9",
  "time" : {
    "start" : 1623058358215,
    "stop" : 1623058359218,
    "duration" : 1003
  },
  "status" : "failed",
  "statusMessage" : "AssertionError\n",
  "statusTrace" : "  File \"/opt/hostedtoolcache/Python/3.9.5/x64/lib/python3.9/site-packages/behave/model.py\", line 1329, in run\n    match.run(runner.context)\n  File \"/opt/hostedtoolcache/Python/3.9.5/x64/lib/python3.9/site-packages/behave/matchers.py\", line 98, in run\n    self.func(context, *args, **kwargs)\n  File \"features/steps/web_steps.py\", line 34, in labels_should_contains_note_with_text\n    maybe_throw_assertion_exception(title)\n  File \"features/steps/web_steps.py\", line 85, in maybe_throw_assertion_exception\n    assert text == \"another text\"\n",
  "flaky" : false,
  "newFailed" : false,
  "beforeStages" : [ ],
  "testStage" : {
    "status" : "failed",
    "statusMessage" : "AssertionError\n",
    "statusTrace" : "  File \"/opt/hostedtoolcache/Python/3.9.5/x64/lib/python3.9/site-packages/behave/model.py\", line 1329, in run\n    match.run(runner.context)\n  File \"/opt/hostedtoolcache/Python/3.9.5/x64/lib/python3.9/site-packages/behave/matchers.py\", line 98, in run\n    self.func(context, *args, **kwargs)\n  File \"features/steps/web_steps.py\", line 34, in labels_should_contains_note_with_text\n    maybe_throw_assertion_exception(title)\n  File \"features/steps/web_steps.py\", line 85, in maybe_throw_assertion_exception\n    assert text == \"another text\"\n",
    "steps" : [ {
      "name" : "When I open issue with id 123123",
      "time" : {
        "start" : 1623058358215,
        "stop" : 1623058358216,
        "duration" : 1
      },
      "status" : "passed",
      "steps" : [ ],
      "attachments" : [ ],
      "parameters" : [ ],
      "attachmentsCount" : 0,
      "shouldDisplayMessage" : false,
      "hasContent" : false,
      "stepsCount" : 0
    }, {
      "name" : "And I add label with title \"hello\" to issue",
      "time" : {
        "start" : 1623058358216,
        "stop" : 1623058358216,
        "duration" : 0
      },
      "status" : "passed",
      "steps" : [ ],
      "attachments" : [ ],
      "parameters" : [ ],
      "attachmentsCount" : 0,
      "shouldDisplayMessage" : false,
      "hasContent" : false,
      "stepsCount" : 0
    }, {
      "name" : "And I filter issue by label title \"hello\"",
      "time" : {
        "start" : 1623058358216,
        "stop" : 1623058358216,
        "duration" : 0
      },
      "status" : "passed",
      "steps" : [ ],
      "attachments" : [ ],
      "parameters" : [ ],
      "attachmentsCount" : 0,
      "shouldDisplayMessage" : false,
      "hasContent" : false,
      "stepsCount" : 0
    }, {
      "name" : "Then I should see issue with label title \"hello\"",
      "time" : {
        "start" : 1623058358216,
        "stop" : 1623058359218,
        "duration" : 1002
      },
      "status" : "failed",
      "statusMessage" : "AssertionError\n",
      "statusTrace" : "  File \"/opt/hostedtoolcache/Python/3.9.5/x64/lib/python3.9/site-packages/behave/model.py\", line 1329, in run\n    match.run(runner.context)\n  File \"/opt/hostedtoolcache/Python/3.9.5/x64/lib/python3.9/site-packages/behave/matchers.py\", line 98, in run\n    self.func(context, *args, **kwargs)\n  File \"features/steps/web_steps.py\", line 34, in labels_should_contains_note_with_text\n    maybe_throw_assertion_exception(title)\n  File \"features/steps/web_steps.py\", line 85, in maybe_throw_assertion_exception\n    assert text == \"another text\"\n",
      "steps" : [ ],
      "attachments" : [ ],
      "parameters" : [ ],
      "attachmentsCount" : 0,
      "shouldDisplayMessage" : true,
      "hasContent" : true,
      "stepsCount" : 0
    } ],
    "attachments" : [ ],
    "parameters" : [ ],
    "attachmentsCount" : 0,
    "shouldDisplayMessage" : false,
    "hasContent" : true,
    "stepsCount" : 4
  },
  "afterStages" : [ ],
  "labels" : [ {
    "name" : "severity",
    "value" : "normal"
  }, {
    "name" : "tag",
    "value" : "smoke"
  }, {
    "name" : "feature",
    "value" : "Labels"
  }, {
    "name" : "framework",
    "value" : "behave"
  }, {
    "name" : "language",
    "value" : "cpython3"
  }, {
    "name" : "resultFormat",
    "value" : "allure2"
  } ],
  "parameters" : [ ],
  "links" : [ ],
  "hidden" : false,
  "retry" : false,
  "extra" : {
    "severity" : "normal",
    "retries" : [ ],
    "categories" : [ {
      "name" : "Product defects",
      "matchedStatuses" : [ ],
      "flaky" : false
    } ],
    "history" : {
      "statistic" : {
        "failed" : 1,
        "broken" : 3,
        "skipped" : 0,
        "passed" : 1,
        "unknown" : 0,
        "total" : 5
      },
      "items" : [ {
        "uid" : "f4a1347e3b2a35db",
        "reportUrl" : "https://khadraa1.github.io/python_behave/4//#testresult/f4a1347e3b2a35db",
        "status" : "broken",
        "statusDetails" : "RuntimeError: Element not found for xpath [//div[@class='something']]\n",
        "time" : {
          "start" : 1622204052628,
          "stop" : 1622204052630,
          "duration" : 2
        }
      }, {
        "uid" : "c81ab8d4cd5c50cf",
        "reportUrl" : "https://khadraa1.github.io/python_behave/3//#testresult/c81ab8d4cd5c50cf",
        "status" : "broken",
        "statusDetails" : "RuntimeError: Element not found for xpath [//div[@class='something']]\n",
        "time" : {
          "start" : 1622195416803,
          "stop" : 1622195416804,
          "duration" : 1
        }
      }, {
        "uid" : "df120cb4b17cc423",
        "reportUrl" : "https://khadraa1.github.io/python_behave/2//#testresult/df120cb4b17cc423",
        "status" : "broken",
        "statusDetails" : "RuntimeError: Element not found for xpath [//div[@class='something']]\n",
        "time" : {
          "start" : 1622194611615,
          "stop" : 1622194611616,
          "duration" : 1
        }
      }, {
        "uid" : "edf8e7b51afbc5bc",
        "reportUrl" : "https://khadraa1.github.io/python_behave/1//#testresult/edf8e7b51afbc5bc",
        "status" : "passed",
        "time" : {
          "start" : 1622194594170,
          "stop" : 1622194595172,
          "duration" : 1002
        }
      } ]
    },
    "tags" : [ "smoke" ]
  },
  "source" : "25b2399aa05b93a3.json",
  "parameterValues" : [ ]
}