{
  "uid" : "7c0765ea514859f4",
  "name" : "Delete existing label for authorized user",
  "fullName" : "Labels: Delete existing label for authorized user",
  "historyId" : "2c6293600b0540488b45a54267780550",
  "time" : {
    "start" : 1633006828919,
    "stop" : 1633006830924,
    "duration" : 2005
  },
  "status" : "passed",
  "flaky" : false,
  "newFailed" : false,
  "beforeStages" : [ ],
  "testStage" : {
    "status" : "passed",
    "steps" : [ {
      "name" : "When I open labels page",
      "time" : {
        "start" : 1633006828920,
        "stop" : 1633006828920,
        "duration" : 0
      },
      "status" : "passed",
      "steps" : [ ],
      "attachments" : [ ],
      "parameters" : [ ],
      "stepsCount" : 0,
      "attachmentsCount" : 0,
      "shouldDisplayMessage" : false,
      "hasContent" : false
    }, {
      "name" : "And I create label with title \"hello\"",
      "time" : {
        "start" : 1633006828920,
        "stop" : 1633006828920,
        "duration" : 0
      },
      "status" : "passed",
      "steps" : [ ],
      "attachments" : [ ],
      "parameters" : [ ],
      "stepsCount" : 0,
      "attachmentsCount" : 0,
      "shouldDisplayMessage" : false,
      "hasContent" : false
    }, {
      "name" : "And I delete label with title \"hello\"",
      "time" : {
        "start" : 1633006828920,
        "stop" : 1633006829922,
        "duration" : 1002
      },
      "status" : "passed",
      "steps" : [ ],
      "attachments" : [ ],
      "parameters" : [ ],
      "stepsCount" : 0,
      "attachmentsCount" : 0,
      "shouldDisplayMessage" : false,
      "hasContent" : false
    }, {
      "name" : "Then I should not see note with content \"hello\"",
      "time" : {
        "start" : 1633006829922,
        "stop" : 1633006830923,
        "duration" : 1001
      },
      "status" : "passed",
      "steps" : [ ],
      "attachments" : [ ],
      "parameters" : [ ],
      "stepsCount" : 0,
      "attachmentsCount" : 0,
      "shouldDisplayMessage" : false,
      "hasContent" : false
    } ],
    "attachments" : [ ],
    "parameters" : [ ],
    "stepsCount" : 4,
    "attachmentsCount" : 0,
    "shouldDisplayMessage" : false,
    "hasContent" : true
  },
  "afterStages" : [ ],
  "labels" : [ {
    "name" : "severity",
    "value" : "normal"
  }, {
    "name" : "tag",
    "value" : "smoke"
  }, {
    "name" : "feature",
    "value" : "Labels"
  }, {
    "name" : "framework",
    "value" : "behave"
  }, {
    "name" : "language",
    "value" : "cpython3"
  }, {
    "name" : "resultFormat",
    "value" : "allure2"
  } ],
  "parameters" : [ ],
  "links" : [ ],
  "hidden" : false,
  "retry" : false,
  "extra" : {
    "severity" : "normal",
    "retries" : [ ],
    "categories" : [ ],
    "history" : {
      "statistic" : {
        "failed" : 6,
        "broken" : 22,
        "skipped" : 0,
        "passed" : 5,
        "unknown" : 0,
        "total" : 33
      },
      "items" : [ {
        "uid" : "1df18618f909815e",
        "reportUrl" : "https://khadraa1.github.io/python_behave/43//#testresult/1df18618f909815e",
        "status" : "failed",
        "statusDetails" : "AssertionError\n",
        "time" : {
          "start" : 1633006813271,
          "stop" : 1633006815277,
          "duration" : 2006
        }
      }, {
        "uid" : "94d9ef8a38caf087",
        "reportUrl" : "https://khadraa1.github.io/python_behave/42//#testresult/94d9ef8a38caf087",
        "status" : "broken",
        "statusDetails" : "RuntimeError: Element not found for xpath [//div[@class='something']]\n",
        "time" : {
          "start" : 1633005373331,
          "stop" : 1633005373332,
          "duration" : 1
        }
      }, {
        "uid" : "ed4c14d62d611e4d",
        "reportUrl" : "https://khadraa1.github.io/python_behave/41//#testresult/ed4c14d62d611e4d",
        "status" : "passed",
        "time" : {
          "start" : 1633004977912,
          "stop" : 1633004979916,
          "duration" : 2004
        }
      }, {
        "uid" : "b730b57bc1761896",
        "reportUrl" : "https://khadraa1.github.io/python_behave/40//#testresult/b730b57bc1761896",
        "status" : "broken",
        "statusDetails" : "RuntimeError: Element not found for xpath [//div[@class='something']]\n",
        "time" : {
          "start" : 1633004776031,
          "stop" : 1633004776033,
          "duration" : 2
        }
      }, {
        "uid" : "d71d61df1610ff0",
        "reportUrl" : "https://khadraa1.github.io/python_behave/39//#testresult/d71d61df1610ff0",
        "status" : "broken",
        "statusDetails" : "RuntimeError: Element not found for xpath [//div[@class='something']]\n",
        "time" : {
          "start" : 1633004333887,
          "stop" : 1633004333888,
          "duration" : 1
        }
      }, {
        "uid" : "6b6cc4bae0d95936",
        "reportUrl" : "https://khadraa1.github.io/python_behave/38//#testresult/6b6cc4bae0d95936",
        "status" : "broken",
        "statusDetails" : "RuntimeError: Element not found for xpath [//div[@class='something']]\n",
        "time" : {
          "start" : 1633004314280,
          "stop" : 1633004314281,
          "duration" : 1
        }
      }, {
        "uid" : "c890590c0396d72d",
        "reportUrl" : "https://khadraa1.github.io/python_behave/37//#testresult/c890590c0396d72d",
        "status" : "broken",
        "statusDetails" : "RuntimeError: Element not found for xpath [//div[@class='something']]\n",
        "time" : {
          "start" : 1633001389780,
          "stop" : 1633001389781,
          "duration" : 1
        }
      }, {
        "uid" : "17324011aab62f5",
        "reportUrl" : "https://khadraa1.github.io/python_behave/36//#testresult/17324011aab62f5",
        "status" : "broken",
        "statusDetails" : "RuntimeError: Element not found for xpath [//div[@class='something']]\n",
        "time" : {
          "start" : 1633001201446,
          "stop" : 1633001201447,
          "duration" : 1
        }
      }, {
        "uid" : "3ed87724063467e3",
        "reportUrl" : "https://khadraa1.github.io/python_behave/35//#testresult/3ed87724063467e3",
        "status" : "broken",
        "statusDetails" : "RuntimeError: Element not found for xpath [//div[@class='something']]\n",
        "time" : {
          "start" : 1633001047201,
          "stop" : 1633001047201,
          "duration" : 0
        }
      }, {
        "uid" : "d304c0657cfd7a16",
        "reportUrl" : "https://khadraa1.github.io/python_behave/34//#testresult/d304c0657cfd7a16",
        "status" : "failed",
        "statusDetails" : "AssertionError\n",
        "time" : {
          "start" : 1633000825206,
          "stop" : 1633000826210,
          "duration" : 1004
        }
      }, {
        "uid" : "f28a09a576e7da1a",
        "reportUrl" : "https://khadraa1.github.io/python_behave/33//#testresult/f28a09a576e7da1a",
        "status" : "failed",
        "statusDetails" : "AssertionError\n",
        "time" : {
          "start" : 1632995557784,
          "stop" : 1632995559789,
          "duration" : 2005
        }
      }, {
        "uid" : "ff6797340173f2b5",
        "reportUrl" : "https://khadraa1.github.io/python_behave/8//#testresult/ff6797340173f2b5",
        "status" : "broken",
        "statusDetails" : "RuntimeError: Element not found for xpath [//div[@class='something']]\n",
        "time" : {
          "start" : 1632995551753,
          "stop" : 1632995551754,
          "duration" : 1
        }
      }, {
        "uid" : "41b00fd670140681",
        "reportUrl" : "https://khadraa1.github.io/python_behave/7//#testresult/41b00fd670140681",
        "status" : "passed",
        "time" : {
          "start" : 1632995234536,
          "stop" : 1632995236539,
          "duration" : 2003
        }
      }, {
        "uid" : "323cb8f65196cc46",
        "reportUrl" : "https://khadraa1.github.io/python_behave/6//#testresult/323cb8f65196cc46",
        "status" : "broken",
        "statusDetails" : "RuntimeError: Element not found for xpath [//div[@class='something']]\n",
        "time" : {
          "start" : 1632995164944,
          "stop" : 1632995164945,
          "duration" : 1
        }
      }, {
        "uid" : "261cd8b72e8278db",
        "reportUrl" : "https://khadraa1.github.io/python_behave/5//#testresult/261cd8b72e8278db",
        "status" : "failed",
        "statusDetails" : "AssertionError\n",
        "time" : {
          "start" : 1632995143436,
          "stop" : 1632995145441,
          "duration" : 2005
        }
      }, {
        "uid" : "44248fa1a3812bff",
        "reportUrl" : "https://khadraa1.github.io/python_behave/4//#testresult/44248fa1a3812bff",
        "status" : "failed",
        "statusDetails" : "AssertionError\n",
        "time" : {
          "start" : 1632994010472,
          "stop" : 1632994011474,
          "duration" : 1002
        }
      }, {
        "uid" : "eb0fd02ab740b710",
        "reportUrl" : "https://khadraa1.github.io/python_behave/3//#testresult/eb0fd02ab740b710",
        "status" : "broken",
        "statusDetails" : "RuntimeError: Element not found for xpath [//div[@class='something']]\n",
        "time" : {
          "start" : 1632993408458,
          "stop" : 1632993408460,
          "duration" : 2
        }
      }, {
        "uid" : "929bf38cdcaf188a",
        "reportUrl" : "https://khadraa1.github.io/python_behave/31//#testresult/929bf38cdcaf188a",
        "status" : "broken",
        "statusDetails" : "RuntimeError: Element not found for xpath [//div[@class='something']]\n",
        "time" : {
          "start" : 1632993378687,
          "stop" : 1632993378688,
          "duration" : 1
        }
      }, {
        "uid" : "143778ca69e052c2",
        "reportUrl" : "https://khadraa1.github.io/python_behave/1//#testresult/143778ca69e052c2",
        "status" : "broken",
        "statusDetails" : "RuntimeError: Element not found for xpath [//div[@class='something']]\n",
        "time" : {
          "start" : 1632992184522,
          "stop" : 1632992184523,
          "duration" : 1
        }
      }, {
        "uid" : "15a07e6febeb163",
        "reportUrl" : "https://khadraa1.github.io/python_behave/30//#testresult/15a07e6febeb163",
        "status" : "broken",
        "statusDetails" : "RuntimeError: Element not found for xpath [//div[@class='something']]\n",
        "time" : {
          "start" : 1632992172076,
          "stop" : 1632992172077,
          "duration" : 1
        }
      } ]
    },
    "tags" : [ "smoke" ]
  },
  "source" : "7c0765ea514859f4.json",
  "parameterValues" : [ ]
}