{
  "uid" : "8c35cbe3d8b3e468",
  "name" : "Delete existing label for authorized user",
  "fullName" : "Labels: Delete existing label for authorized user",
  "historyId" : "2c6293600b0540488b45a54267780550",
  "time" : {
    "start" : 1623399043778,
    "stop" : 1623399044781,
    "duration" : 1003
  },
  "status" : "failed",
  "statusMessage" : "AssertionError\n",
  "statusTrace" : "  File \"/opt/hostedtoolcache/Python/3.9.5/x64/lib/python3.9/site-packages/behave/model.py\", line 1329, in run\n    match.run(runner.context)\n  File \"/opt/hostedtoolcache/Python/3.9.5/x64/lib/python3.9/site-packages/behave/matchers.py\", line 98, in run\n    self.func(context, *args, **kwargs)\n  File \"features/steps/web_steps.py\", line 29, in delete_label_with_title\n    maybe_throw_assertion_exception(title)\n  File \"features/steps/web_steps.py\", line 85, in maybe_throw_assertion_exception\n    assert text == \"another text\"\n",
  "flaky" : true,
  "newFailed" : true,
  "beforeStages" : [ ],
  "testStage" : {
    "status" : "failed",
    "statusMessage" : "AssertionError\n",
    "statusTrace" : "  File \"/opt/hostedtoolcache/Python/3.9.5/x64/lib/python3.9/site-packages/behave/model.py\", line 1329, in run\n    match.run(runner.context)\n  File \"/opt/hostedtoolcache/Python/3.9.5/x64/lib/python3.9/site-packages/behave/matchers.py\", line 98, in run\n    self.func(context, *args, **kwargs)\n  File \"features/steps/web_steps.py\", line 29, in delete_label_with_title\n    maybe_throw_assertion_exception(title)\n  File \"features/steps/web_steps.py\", line 85, in maybe_throw_assertion_exception\n    assert text == \"another text\"\n",
    "steps" : [ {
      "name" : "When I open labels page",
      "time" : {
        "start" : 1623399043778,
        "stop" : 1623399043778,
        "duration" : 0
      },
      "status" : "passed",
      "steps" : [ ],
      "attachments" : [ ],
      "parameters" : [ ],
      "stepsCount" : 0,
      "attachmentsCount" : 0,
      "shouldDisplayMessage" : false,
      "hasContent" : false
    }, {
      "name" : "And I create label with title \"hello\"",
      "time" : {
        "start" : 1623399043778,
        "stop" : 1623399043778,
        "duration" : 0
      },
      "status" : "passed",
      "steps" : [ ],
      "attachments" : [ ],
      "parameters" : [ ],
      "stepsCount" : 0,
      "attachmentsCount" : 0,
      "shouldDisplayMessage" : false,
      "hasContent" : false
    }, {
      "name" : "And I delete label with title \"hello\"",
      "time" : {
        "start" : 1623399043778,
        "stop" : 1623399044780,
        "duration" : 1002
      },
      "status" : "failed",
      "statusMessage" : "AssertionError\n",
      "statusTrace" : "  File \"/opt/hostedtoolcache/Python/3.9.5/x64/lib/python3.9/site-packages/behave/model.py\", line 1329, in run\n    match.run(runner.context)\n  File \"/opt/hostedtoolcache/Python/3.9.5/x64/lib/python3.9/site-packages/behave/matchers.py\", line 98, in run\n    self.func(context, *args, **kwargs)\n  File \"features/steps/web_steps.py\", line 29, in delete_label_with_title\n    maybe_throw_assertion_exception(title)\n  File \"features/steps/web_steps.py\", line 85, in maybe_throw_assertion_exception\n    assert text == \"another text\"\n",
      "steps" : [ ],
      "attachments" : [ ],
      "parameters" : [ ],
      "stepsCount" : 0,
      "attachmentsCount" : 0,
      "shouldDisplayMessage" : true,
      "hasContent" : true
    }, {
      "name" : "Then I should not see note with content \"hello\"",
      "time" : {
        "start" : 1623399044781,
        "stop" : 1623399044781,
        "duration" : 0
      },
      "status" : "skipped",
      "steps" : [ ],
      "attachments" : [ ],
      "parameters" : [ ],
      "stepsCount" : 0,
      "attachmentsCount" : 0,
      "shouldDisplayMessage" : false,
      "hasContent" : false
    } ],
    "attachments" : [ ],
    "parameters" : [ ],
    "stepsCount" : 4,
    "attachmentsCount" : 0,
    "shouldDisplayMessage" : false,
    "hasContent" : true
  },
  "afterStages" : [ ],
  "labels" : [ {
    "name" : "severity",
    "value" : "normal"
  }, {
    "name" : "tag",
    "value" : "smoke"
  }, {
    "name" : "feature",
    "value" : "Labels"
  }, {
    "name" : "framework",
    "value" : "behave"
  }, {
    "name" : "language",
    "value" : "cpython3"
  }, {
    "name" : "resultFormat",
    "value" : "allure2"
  } ],
  "parameters" : [ ],
  "links" : [ ],
  "hidden" : false,
  "retry" : false,
  "extra" : {
    "severity" : "normal",
    "retries" : [ ],
    "categories" : [ {
      "name" : "Product defects",
      "matchedStatuses" : [ ],
      "flaky" : false
    } ],
    "history" : {
      "statistic" : {
        "failed" : 4,
        "broken" : 2,
        "skipped" : 0,
        "passed" : 6,
        "unknown" : 0,
        "total" : 12
      },
      "items" : [ {
        "uid" : "b99f8678f717826e",
        "reportUrl" : "https://khadraa1.github.io/python_behave/14//#testresult/b99f8678f717826e",
        "status" : "passed",
        "time" : {
          "start" : 1623078833837,
          "stop" : 1623078835841,
          "duration" : 2004
        }
      }, {
        "uid" : "819bfc7bc68a4744",
        "reportUrl" : "https://khadraa1.github.io/python_behave/13//#testresult/819bfc7bc68a4744",
        "status" : "failed",
        "statusDetails" : "AssertionError\n",
        "time" : {
          "start" : 1623078385995,
          "stop" : 1623078387999,
          "duration" : 2004
        }
      }, {
        "uid" : "540421305dc9a105",
        "reportUrl" : "https://khadraa1.github.io/python_behave/12//#testresult/540421305dc9a105",
        "status" : "passed",
        "time" : {
          "start" : 1623078027244,
          "stop" : 1623078029251,
          "duration" : 2007
        }
      }, {
        "uid" : "cf9997f5d3db0425",
        "reportUrl" : "https://khadraa1.github.io/python_behave/8//#testresult/cf9997f5d3db0425",
        "status" : "broken",
        "statusDetails" : "RuntimeError: Element not found for xpath [//div[@class='something']]\n",
        "time" : {
          "start" : 1623077043409,
          "stop" : 1623077043411,
          "duration" : 2
        }
      }, {
        "uid" : "5e354af5f92325ec",
        "reportUrl" : "https://khadraa1.github.io/python_behave/7//#testresult/5e354af5f92325ec",
        "status" : "passed",
        "time" : {
          "start" : 1623060040079,
          "stop" : 1623060042082,
          "duration" : 2003
        }
      }, {
        "uid" : "61b4763d072bbb93",
        "reportUrl" : "https://khadraa1.github.io/python_behave/6//#testresult/61b4763d072bbb93",
        "status" : "passed",
        "time" : {
          "start" : 1623059786843,
          "stop" : 1623059788847,
          "duration" : 2004
        }
      }, {
        "uid" : "4a42c1c63e458e94",
        "reportUrl" : "https://khadraa1.github.io/python_behave/5//#testresult/4a42c1c63e458e94",
        "status" : "passed",
        "time" : {
          "start" : 1623058359219,
          "stop" : 1623058361223,
          "duration" : 2004
        }
      }, {
        "uid" : "dadd36a1f754f8e9",
        "reportUrl" : "https://khadraa1.github.io/python_behave/4//#testresult/dadd36a1f754f8e9",
        "status" : "broken",
        "statusDetails" : "RuntimeError: Element not found for xpath [//div[@class='something']]\n",
        "time" : {
          "start" : 1622204052630,
          "stop" : 1622204052631,
          "duration" : 1
        }
      }, {
        "uid" : "dca07b7efebf7272",
        "reportUrl" : "https://khadraa1.github.io/python_behave/3//#testresult/dca07b7efebf7272",
        "status" : "failed",
        "statusDetails" : "AssertionError\n",
        "time" : {
          "start" : 1622195416805,
          "stop" : 1622195417808,
          "duration" : 1003
        }
      }, {
        "uid" : "6a9bd2d0e3c5dd00",
        "reportUrl" : "https://khadraa1.github.io/python_behave/2//#testresult/6a9bd2d0e3c5dd00",
        "status" : "passed",
        "time" : {
          "start" : 1622194611617,
          "stop" : 1622194613621,
          "duration" : 2004
        }
      }, {
        "uid" : "37b79e9bebf10017",
        "reportUrl" : "https://khadraa1.github.io/python_behave/1//#testresult/37b79e9bebf10017",
        "status" : "failed",
        "statusDetails" : "AssertionError\n",
        "time" : {
          "start" : 1622194595173,
          "stop" : 1622194596177,
          "duration" : 1004
        }
      } ]
    },
    "tags" : [ "smoke" ]
  },
  "source" : "8c35cbe3d8b3e468.json",
  "parameterValues" : [ ]
}